<?xml version="1.0" encoding="utf-8"?><testsuites name="pytest tests"><testsuite name="pytest" errors="0" failures="0" skipped="0" tests="12" time="13.726" timestamp="2026-07-11T23:45:35.645324-04:00" hostname="HannieZhou"><testcase classname="tests.test_repositories" name="test_kalshi_ws_protocol_repository_records_recent_and_summary" time="1.209" /><testcase classname="tests.test_repositories" name="test_markets_repository_upserts_and_lists_market" time="1.058" /><testcase classname="tests.test_repositories" name="test_orderbook_repository_inserts_and_reads_latest_snapshot" time="1.056" /><testcase classname="tests.test_repositories" name="test_orderbook_repository_limits_to_newest_snapshots_since" time="1.089" /><testcase classname="tests.test_repositories" name="test_public_trades_repository_inserts_and_reads_recent_trades" time="1.257" /><testcase classname="tests.test_repositories" name="test_recent_public_trades_query_orders_null_executed_at_last_for_postgres" time="0.002" /><testcase classname="tests.test_repositories" name="test_reference_ticks_repository_inserts_and_reads_recent_ticks" time="1.036" /><testcase classname="tests.test_repositories" name="test_reference_ticks_repository_reads_latest_non_null_source_ts" time="1.169" /><testcase classname="tests.test_repositories" name="test_strategy_decisions_repository_inserts_and_reads_decision" time="1.082" /><testcase classname="tests.test_repositories" name="test_strategy_dry_run_events_remain_queryable_after_position_delete" time="1.117" /><testcase classname="tests.test_repositories" name="test_strategy_dry_run_repository_is_idempotent_and_closes_position" time="1.036" /><testcase classname="tests.test_repositories" name="test_worker_heartbeat_repository_records_and_reads_latest" time="0.992" /></testsuite></testsuites>