<?xml version="1.0" encoding="utf-8"?><testsuites name="pytest tests"><testsuite name="pytest" errors="0" failures="0" skipped="0" tests="3" time="4.268" timestamp="2026-07-11T23:44:43.533071-04:00" hostname="HannieZhou"><testcase classname="tests.test_pr10a_scope_contract" name="test_pr10a_executable_ladders_are_complementary_precise_and_bounded" time="0.001" /><testcase classname="tests.test_pr10a_scope_contract" name="test_pr10a_multilevel_microstructure_uses_ladders_and_independent_windows" time="0.130" /><testcase classname="tests.test_pr10a_scope_contract" name="test_pr10a_versions_states_schema_and_endpoint_contract" time="0.376" /></testsuite></testsuites>