<?xml version="1.0" encoding="utf-8"?><testsuites name="pytest tests"><testsuite name="pytest" errors="0" failures="0" skipped="0" tests="8" time="12.907" timestamp="2026-07-11T23:47:05.386717-04:00" hostname="HannieZhou"><testcase classname="tests.test_strategy_observer" name="test_dry_run_comparison_excludes_old_closed_positions_from_window" time="1.617" /><testcase classname="tests.test_strategy_observer" name="test_dry_run_status_reports_disabled_challenger_without_worker_metadata" time="1.458" /><testcase classname="tests.test_strategy_observer" name="test_shared_context_trims_orderbook_history_to_variant_lookback" time="1.448" /><testcase classname="tests.test_strategy_observer" name="test_strategy_allows_fresh_orderbook_when_stream_live_requirement_disabled" time="1.577" /><testcase classname="tests.test_strategy_observer" name="test_strategy_blocks_old_brti_when_carry_forward_cap_exceeded" time="1.487" /><testcase classname="tests.test_strategy_observer" name="test_strategy_blocks_old_brti_when_valid_message_stream_is_stale" time="1.396" /><testcase classname="tests.test_strategy_observer" name="test_strategy_blocks_old_orderbook_when_active_ticker_mismatches" time="1.237" /><testcase classname="tests.test_strategy_observer" name="test_strategy_blocks_old_orderbook_when_carry_forward_cap_exceeded" time="0.978" /></testsuite></testsuites>