<?xml version="1.0" encoding="utf-8"?><testsuites name="pytest tests"><testsuite name="pytest" errors="0" failures="0" skipped="0" tests="12" time="16.950" timestamp="2026-07-11T23:46:03.783384-04:00" hostname="HannieZhou"><testcase classname="tests.test_storage_api" name="test_storage_status_falls_back_to_legacy_aggregate_liveness" time="1.417" /><testcase classname="tests.test_storage_api" name="test_storage_status_handles_heartbeat_without_started_at[ape-worker-legacy_aggregate_fallback]" time="1.519" /><testcase classname="tests.test_storage_api" name="test_storage_status_handles_heartbeat_without_started_at[ape-worker.maintenance-component]" time="1.159" /><testcase classname="tests.test_storage_api" name="test_storage_status_reports_latest_successful_run" time="1.125" /><testcase classname="tests.test_storage_api" name="test_storage_status_reports_stale_maintenance_heartbeat" time="0.904" /><testcase classname="tests.test_storage_api" name="test_storage_status_reports_tables_without_retention_run" time="1.192" /><testcase classname="tests.test_storage_api" name="test_storage_status_uses_worker_observed_enabled" time="1.086" /><testcase classname="tests.test_storage_api" name="test_storage_status_uses_worker_reported_interval_for_heartbeat_staleness" time="0.896" /><testcase classname="tests.test_storage_api" name="test_storage_status_warn_and_critical_thresholds" time="1.067" /><testcase classname="tests.test_storage_api" name="test_storage_status_warns_on_latest_failed_run" time="0.850" /><testcase classname="tests.test_storage_api" name="test_storage_status_warns_on_stale_running_run" time="0.902" /><testcase classname="tests.test_storage_api" name="test_storage_status_works_without_database_url" time="0.063" /></testsuite></testsuites>