<?xml version="1.0" encoding="utf-8"?><testsuites name="pytest tests"><testsuite name="pytest" errors="0" failures="0" skipped="0" tests="8" time="16.483" timestamp="2026-07-11T23:43:45.745040-04:00" hostname="HannieZhou"><testcase classname="tests.test_kalshi_ws_collector" name="test_collector_heartbeat_drops_stale_strategy_metadata_when_disabled" time="1.786" /><testcase classname="tests.test_kalshi_ws_collector" name="test_collector_heartbeat_preserves_strategy_metadata" time="1.671" /><testcase classname="tests.test_kalshi_ws_collector" name="test_collector_keeps_initialized_book_usable_during_quiet_snapshot_refresh" time="1.743" /><testcase classname="tests.test_kalshi_ws_collector" name="test_collector_keeps_latest_state_metrics_monotonic_after_retry" time="1.897" /><testcase classname="tests.test_kalshi_ws_collector" name="test_collector_malformed_brti_ticks_do_not_reset_valid_tick_timer" time="1.929" /><testcase classname="tests.test_kalshi_ws_collector" name="test_collector_market_roll_does_not_stop_dedicated_brti" time="2.285" /><testcase classname="tests.test_kalshi_ws_collector" name="test_collector_marks_queued_orderbook_pending_until_writer_commit" time="1.722" /><testcase classname="tests.test_kalshi_ws_collector" name="test_collector_marks_reconnect_completed_on_first_usable_message" time="1.425" /></testsuite></testsuites>