<?xml version="1.0" encoding="utf-8"?><testsuites name="pytest tests"><testsuite name="pytest" errors="0" failures="0" skipped="0" tests="11" time="4.575" timestamp="2026-07-11T23:43:22.796895-04:00" hostname="HannieZhou"><testcase classname="tests.test_kalshi_resolver" name="test_boundary_parser_rejects_structured_text_disagreement" time="0.001" /><testcase classname="tests.test_kalshi_resolver" name="test_boundary_parser_uses_text_fallback_when_structured_fields_are_absent" time="0.001" /><testcase classname="tests.test_kalshi_resolver" name="test_resolver_allows_open_filtered_market_without_status_field" time="0.251" /><testcase classname="tests.test_kalshi_resolver" name="test_resolver_does_not_select_nearest_inactive_market" time="0.107" /><testcase classname="tests.test_kalshi_resolver" name="test_resolver_handles_missing_credentials_as_not_configured" time="0.001" /><testcase classname="tests.test_kalshi_resolver" name="test_resolver_paginates_before_selecting_active_market" time="0.070" /><testcase classname="tests.test_kalshi_resolver" name="test_resolver_rejects_ambiguous_active_markets" time="0.077" /><testcase classname="tests.test_kalshi_resolver" name="test_resolver_rejects_explicit_non_tradable_status" time="0.065" /><testcase classname="tests.test_kalshi_resolver" name="test_resolver_rejects_explicit_series_mismatch" time="0.232" /><testcase classname="tests.test_kalshi_resolver" name="test_resolver_rejects_unparseable_boundary_but_persists_metadata" time="1.232" /><testcase classname="tests.test_kalshi_resolver" name="test_resolver_selects_active_btc15_market_and_uses_bounded_query" time="0.123" /></testsuite></testsuites>