<?xml version="1.0" encoding="utf-8"?><testsuites name="pytest tests"><testsuite name="pytest" errors="0" failures="0" skipped="0" tests="8" time="16.597" timestamp="2026-07-11T23:43:45.351415-04:00" hostname="HannieZhou"><testcase classname="tests.test_kalshi_ws_collector" name="test_collector_applies_subscribe_sid_to_acknowledged_channel_only" time="0.293" /><testcase classname="tests.test_kalshi_ws_collector" name="test_collector_blocks_conflicting_duplicate_brti_source_timestamp" time="2.049" /><testcase classname="tests.test_kalshi_ws_collector" name="test_collector_can_persist_brti_without_market_websocket_enabled" time="1.896" /><testcase classname="tests.test_kalshi_ws_collector" name="test_collector_carries_forward_duplicate_valid_brti_source_timestamp" time="2.070" /><testcase classname="tests.test_kalshi_ws_collector" name="test_collector_catches_database_error_while_resolving_market" time="1.853" /><testcase classname="tests.test_kalshi_ws_collector" name="test_collector_clears_brti_duplicate_conflict_after_newer_valid_tick" time="2.007" /><testcase classname="tests.test_kalshi_ws_collector" name="test_collector_clears_brti_duplicate_conflict_after_recovered_duplicate" time="2.165" /><testcase classname="tests.test_kalshi_ws_collector" name="test_collector_clears_buffer_overflow_warnings_after_recovered_snapshot" time="2.191" /></testsuite></testsuites>