<?xml version="1.0" encoding="utf-8"?><testsuites name="pytest tests"><testsuite name="pytest" errors="0" failures="0" skipped="0" tests="10" time="10.008" timestamp="2026-07-11T23:46:31.712439-04:00" hostname="HannieZhou"><testcase classname="tests.test_worker" name="test_configure_logging_reapplies_requested_level" time="0.001" /><testcase classname="tests.test_worker" name="test_worker_disabled_websocket_records_idle_heartbeat" time="1.595" /><testcase classname="tests.test_worker" name="test_worker_disabled_websocket_survives_idle_heartbeat_db_failure" time="0.073" /><testcase classname="tests.test_worker" name="test_worker_disabled_websocket_throttles_idle_heartbeats" time="1.466" /><testcase classname="tests.test_worker" name="test_worker_enabled_storage_retention_runs_periodic_task" time="4.110" /><testcase classname="tests.test_worker" name="test_worker_main_cli_role_overrides_invalid_env_role" time="0.003" /><testcase classname="tests.test_worker" name="test_worker_maintenance_role_only_starts_retention" time="0.003" /><testcase classname="tests.test_worker" name="test_worker_market_data_role_only_starts_market_loop" time="0.003" /><testcase classname="tests.test_worker" name="test_worker_reference_role_only_starts_brti_loop" time="0.003" /><testcase classname="tests.test_worker" name="test_worker_strategy_role_starts_no_websocket_collector" time="0.002" /></testsuite></testsuites>