<?xml version="1.0" encoding="utf-8"?><testsuites name="pytest tests"><testsuite name="pytest" errors="0" failures="0" skipped="0" tests="5" time="1.821" timestamp="2026-07-11T23:42:23.422302-04:00" hostname="HannieZhou"><testcase classname="tests.test_calibration" name="test_bootstrap_uses_exactly_two_thousand_deterministic_resamples" time="0.232" /><testcase classname="tests.test_calibration" name="test_governance_rejects_paper_live_transitions" time="0.001" /><testcase classname="tests.test_calibration" name="test_logistic_is_reproducible_and_training_only" time="0.023" /><testcase classname="tests.test_calibration" name="test_market_partitions_keep_markets_whole_and_freeze_holdout" time="0.042" /><testcase classname="tests.test_calibration" name="test_search_is_bounded_and_deterministic" time="0.068" /></testsuite></testsuites>