<?xml version="1.0" encoding="utf-8"?><testsuites name="pytest tests"><testsuite name="pytest" errors="0" failures="0" skipped="0" tests="8" time="17.351" timestamp="2026-07-11T23:44:15.273876-04:00" hostname="HannieZhou"><testcase classname="tests.test_kalshi_ws_collector" name="test_collector_requests_snapshot_when_ticker_keeps_quiet_book_busy" time="2.198" /><testcase classname="tests.test_kalshi_ws_collector" name="test_collector_resets_backoff_after_successful_websocket_cycle" time="2.131" /><testcase classname="tests.test_kalshi_ws_collector" name="test_collector_resets_orderbook_on_buffer_overflow" time="2.101" /><testcase classname="tests.test_kalshi_ws_collector" name="test_collector_resubscribes_after_sequence_gap" time="2.566" /><testcase classname="tests.test_kalshi_ws_collector" name="test_collector_skips_duplicate_brti_after_malformed_tick_without_source_ts" time="1.979" /><testcase classname="tests.test_kalshi_ws_collector" name="test_collector_starts_brti_when_market_resolution_fails" time="1.737" /><testcase classname="tests.test_kalshi_ws_collector" name="test_collector_subscribes_and_persists_mock_messages" time="1.602" /><testcase classname="tests.test_kalshi_ws_collector" name="test_collector_subscribes_to_brti_with_market_channels_and_persists_tick" time="1.460" /></testsuite></testsuites>