<?xml version="1.0" encoding="utf-8"?><testsuites name="pytest tests"><testsuite name="pytest" errors="0" failures="0" skipped="0" tests="4" time="0.491" timestamp="2026-07-11T23:43:22.600921-04:00" hostname="HannieZhou"><testcase classname="tests.test_kalshi_auth" name="test_auth_headers_are_deterministic_with_mocked_signer" time="0.002" /><testcase classname="tests.test_kalshi_auth" name="test_private_key_newline_normalization_supports_railway_single_line_env" time="0.001" /><testcase classname="tests.test_kalshi_auth" name="test_private_key_parseable_accepts_escaped_newlines" time="0.213" /><testcase classname="tests.test_kalshi_auth" name="test_signature_payload_uses_timestamp_method_and_path_without_query" time="0.001" /></testsuite></testsuites>