<?xml version="1.0" encoding="utf-8"?><testsuites name="pytest tests"><testsuite name="pytest" errors="0" failures="0" skipped="0" tests="8" time="16.773" timestamp="2026-07-11T23:44:15.421352-04:00" hostname="HannieZhou"><testcase classname="tests.test_kalshi_ws_collector" name="test_collector_reconciles_subscriptions_from_list_response" time="1.851" /><testcase classname="tests.test_kalshi_ws_collector" name="test_collector_reconnects_after_market_subscription_error" time="2.114" /><testcase classname="tests.test_kalshi_ws_collector" name="test_collector_reconnects_when_brti_subscribed_without_valid_tick" time="2.000" /><testcase classname="tests.test_kalshi_ws_collector" name="test_collector_reconnects_when_orderbook_sid_ack_times_out" time="1.721" /><testcase classname="tests.test_kalshi_ws_collector" name="test_collector_records_bounded_safe_parse_diagnostic_samples" time="2.299" /><testcase classname="tests.test_kalshi_ws_collector" name="test_collector_records_failed_snapshot_resync_result" time="1.671" /><testcase classname="tests.test_kalshi_ws_collector" name="test_collector_records_orderbook_persistence_failure" time="1.971" /><testcase classname="tests.test_kalshi_ws_collector" name="test_collector_recovers_sequence_gap_with_subscription_snapshot" time="1.579" /></testsuite></testsuites>