<?xml version="1.0" encoding="utf-8"?><testsuites name="pytest tests"><testsuite name="pytest" errors="0" failures="0" skipped="0" tests="8" time="13.929" timestamp="2026-07-11T23:47:28.747758-04:00" hostname="HannieZhou"><testcase classname="tests.test_strategy_observer" name="test_strategy_keeps_hard_brti_age_block_when_trade_ready_fresh_relaxed" time="1.549" /><testcase classname="tests.test_strategy_observer" name="test_strategy_observer_blocks_unusable_desired_book" time="1.527" /><testcase classname="tests.test_strategy_observer" name="test_strategy_observer_evaluates_observer_only_market" time="1.525" /><testcase classname="tests.test_strategy_observer" name="test_strategy_observer_heartbeat_drops_stale_collector_metadata_when_disabled" time="1.556" /><testcase classname="tests.test_strategy_observer" name="test_strategy_observer_persists_one_feature_snapshot_and_config_attribution" time="1.546" /><testcase classname="tests.test_strategy_observer" name="test_strategy_observer_prioritizes_reference_before_book" time="1.392" /><testcase classname="tests.test_strategy_observer" name="test_strategy_observer_runtime_records_decision_and_heartbeat" time="1.499" /><testcase classname="tests.test_strategy_observer" name="test_strategy_prefers_component_liveness_over_stale_aggregate" time="1.568" /></testsuite></testsuites>