<?xml version="1.0" encoding="utf-8"?><testsuites name="pytest tests"><testsuite name="pytest" errors="0" failures="0" skipped="0" tests="8" time="12.937" timestamp="2026-07-11T23:47:54.457345-04:00" hostname="HannieZhou"><testcase classname="tests.test_strategy_observer" name="test_strategy_recomputes_brti_valid_message_age_from_timestamp" time="1.577" /><testcase classname="tests.test_strategy_observer" name="test_strategy_recomputes_stale_transport_from_old_pong" time="1.501" /><testcase classname="tests.test_strategy_observer" name="test_strategy_reports_subscription_recovery_failed" time="1.501" /><testcase classname="tests.test_strategy_observer" name="test_strategy_reports_subscription_recovery_pending" time="1.515" /><testcase classname="tests.test_strategy_observer" name="test_strategy_uses_fresh_orderbook_when_stream_heartbeat_is_stale" time="1.537" /><testcase classname="tests.test_strategy_observer" name="test_strategy_variant_metadata_reports_disabled_when_dry_run_is_off" time="1.470" /><testcase classname="tests.test_strategy_observer" name="test_strategy_warns_but_enters_when_brti_source_age_is_warning_only" time="1.131" /><testcase classname="tests.test_strategy_observer" name="test_strategy_warns_when_trade_confirmation_sample_too_small" time="1.068" /></testsuite></testsuites>