<?xml version="1.0" encoding="utf-8"?><testsuites name="pytest tests"><testsuite name="pytest" errors="0" failures="0" skipped="0" tests="8" time="11.950" timestamp="2026-07-11T23:47:04.882942-04:00" hostname="HannieZhou"><testcase classname="tests.test_strategy_observer" name="test_strategy_blocks_old_orderbook_when_invalid_update_warning_active" time="1.435" /><testcase classname="tests.test_strategy_observer" name="test_strategy_blocks_old_orderbook_when_sequence_reset_warning_active" time="1.507" /><testcase classname="tests.test_strategy_observer" name="test_strategy_blocks_old_orderbook_when_snapshot_resync_failed" time="1.471" /><testcase classname="tests.test_strategy_observer" name="test_strategy_blocks_old_orderbook_when_stream_is_stale" time="1.538" /><testcase classname="tests.test_strategy_observer" name="test_strategy_blocks_old_orderbook_without_initialized_proof" time="1.370" /><testcase classname="tests.test_strategy_observer" name="test_strategy_blocks_on_market_protocol_readiness_failures" time="0.001" /><testcase classname="tests.test_strategy_observer" name="test_strategy_blocks_weak_brti_impulse" time="1.512" /><testcase classname="tests.test_strategy_observer" name="test_strategy_blocks_when_brti_backend_age_exceeds_limit" time="1.352" /></testsuite></testsuites>