<?xml version="1.0" encoding="utf-8"?><testsuites name="pytest tests"><testsuite name="pytest" errors="0" failures="0" skipped="0" tests="6" time="11.368" timestamp="2026-07-11T23:46:31.479960-04:00" hostname="HannieZhou"><testcase classname="tests.test_strategy_api" name="test_strategy_dry_run_endpoints_report_read_only_ledger" time="1.768" /><testcase classname="tests.test_strategy_api" name="test_strategy_dry_run_events_remain_visible_after_position_retention" time="1.434" /><testcase classname="tests.test_strategy_api" name="test_strategy_dry_run_status_reports_missing_observer_flag" time="1.192" /><testcase classname="tests.test_strategy_api" name="test_strategy_dry_run_status_scopes_latest_event_to_configured_strategy" time="1.275" /><testcase classname="tests.test_strategy_api" name="test_strategy_status_is_disabled_without_database" time="0.076" /><testcase classname="tests.test_strategy_api" name="test_strategy_status_reports_latest_decision_and_worker_metadata" time="1.610" /></testsuite></testsuites>