<?xml version="1.0" encoding="utf-8"?><testsuites name="pytest tests"><testsuite name="pytest" errors="0" failures="0" skipped="0" tests="14" time="11.162" timestamp="2026-07-11T23:42:23.861044-04:00" hostname="HannieZhou"><testcase classname="tests.test_api_health" name="test_active_market_is_not_configured_without_credentials" time="0.258" /><testcase classname="tests.test_api_health" name="test_active_market_uses_mocked_kalshi_client_and_persists_to_db" time="1.497" /><testcase classname="tests.test_api_health" name="test_db_status_checks_configured_database" time="0.060" /><testcase classname="tests.test_api_health" name="test_db_status_is_not_configured_without_database_url" time="0.058" /><testcase classname="tests.test_api_health" name="test_health_works_without_secrets" time="0.069" /><testcase classname="tests.test_api_health" name="test_kalshi_status_is_safe_without_credentials" time="0.089" /><testcase classname="tests.test_api_health" name="test_readiness_is_blocked_when_safety_is_unsafe" time="0.073" /><testcase classname="tests.test_api_health" name="test_readiness_is_not_ready_without_database_url" time="0.060" /><testcase classname="tests.test_api_health" name="test_readiness_is_ready_with_configured_database" time="1.082" /><testcase classname="tests.test_api_health" name="test_safety_works_without_secrets" time="0.048" /><testcase classname="tests.test_api_health" name="test_strategy_routes_filter_variants_and_return_bounded_comparison" time="1.169" /><testcase classname="tests.test_api_health" name="test_ws_status_is_safe_when_disabled_without_credentials" time="0.058" /><testcase classname="tests.test_api_health" name="test_ws_status_keeps_error_when_only_ticker_is_fresh" time="1.132" /><testcase classname="tests.test_api_health" name="test_ws_status_reports_persisted_market_data" time="1.154" /></testsuite></testsuites>