<?xml version="1.0" encoding="utf-8"?><testsuites name="pytest tests"><testsuite name="pytest" errors="0" failures="0" skipped="0" tests="17" time="21.762" timestamp="2026-07-11T23:45:03.326403-04:00" hostname="HannieZhou"><testcase classname="tests.test_reference_brti_status" name="test_brti_latest_without_rows_returns_safe_empty_shape" time="1.538" /><testcase classname="tests.test_reference_brti_status" name="test_brti_series_returns_bounded_recent_points_without_raw_payload" time="1.102" /><testcase classname="tests.test_reference_brti_status" name="test_brti_source_age_over_legacy_threshold_does_not_fail_observer_health" time="1.212" /><testcase classname="tests.test_reference_brti_status" name="test_brti_status_and_latest_report_persisted_tick" time="1.308" /><testcase classname="tests.test_reference_brti_status" name="test_brti_status_disabled_without_credentials" time="0.067" /><testcase classname="tests.test_reference_brti_status" name="test_brti_status_does_not_report_malformed_latest_tick_as_healthy" time="1.230" /><testcase classname="tests.test_reference_brti_status" name="test_brti_status_enabled_without_credentials_is_safe" time="0.055" /><testcase classname="tests.test_reference_brti_status" name="test_brti_status_marks_worker_timeout_stale_with_fresh_messages" time="1.320" /><testcase classname="tests.test_reference_brti_status" name="test_brti_status_prefers_worker_timeout_reason_over_transport_lag" time="1.192" /><testcase classname="tests.test_reference_brti_status" name="test_brti_status_reports_reference_worker_error_before_healthy" time="1.272" /><testcase classname="tests.test_reference_brti_status" name="test_brti_status_reports_source_age_warning_without_global_stale" time="1.340" /><testcase classname="tests.test_reference_brti_status" name="test_brti_status_reports_stale_persisted_tick" time="1.100" /><testcase classname="tests.test_reference_brti_status" name="test_brti_status_reports_stale_worker_heartbeat" time="1.218" /><testcase classname="tests.test_reference_brti_status" name="test_brti_status_reports_transport_stale_without_recent_backend_message" time="1.211" /><testcase classname="tests.test_reference_brti_status" name="test_brti_status_uses_carried_forward_valid_message_for_persistence_freshness" time="1.101" /><testcase classname="tests.test_reference_brti_status" name="test_brti_status_uses_worker_enabled_state_when_api_disabled" time="0.929" /><testcase classname="tests.test_reference_brti_status" name="test_brti_status_waits_when_subscription_is_newer_than_valid_tick" time="1.025" /></testsuite></testsuites>