<?xml version="1.0" encoding="utf-8"?><testsuites name="pytest tests"><testsuite name="pytest" errors="0" failures="0" skipped="0" tests="8" time="12.405" timestamp="2026-07-11T23:47:05.311516-04:00" hostname="HannieZhou"><testcase classname="tests.test_strategy_observer" name="test_strategy_carries_forward_old_brti_when_valid_messages_are_fresh" time="1.635" /><testcase classname="tests.test_strategy_observer" name="test_strategy_carries_forward_old_orderbook_when_stream_is_live" time="1.543" /><testcase classname="tests.test_strategy_observer" name="test_strategy_carries_forward_with_legacy_fresh_stream_heartbeat" time="1.465" /><testcase classname="tests.test_strategy_observer" name="test_strategy_challenger_is_disabled_without_the_opt_in_flag" time="0.001" /><testcase classname="tests.test_strategy_observer" name="test_strategy_challenger_runs_on_same_timestamp_with_separate_ledgers" time="1.724" /><testcase classname="tests.test_strategy_observer" name="test_strategy_dry_run_allows_additional_entry_when_multi_position_enabled" time="1.611" /><testcase classname="tests.test_strategy_observer" name="test_strategy_dry_run_blocks_duplicate_entry_in_same_bucket" time="1.522" /><testcase classname="tests.test_strategy_observer" name="test_strategy_dry_run_force_exit_prices_stale_reference_with_fresh_book" time="1.239" /></testsuite></testsuites>