<?xml version="1.0" encoding="utf-8"?><testsuites name="pytest tests"><testsuite name="pytest" errors="0" failures="0" skipped="0" tests="2" time="2.782" timestamp="2026-07-11T23:46:03.507845-04:00" hostname="HannieZhou"><testcase classname="tests.test_research_archive" name="test_archive_is_idempotent_and_keeps_only_normalized_market_values" time="1.379" /><testcase classname="tests.test_research_archive" name="test_counterfactual_label_uses_the_first_in_window_executable_book" time="0.003" /></testsuite></testsuites>