<?xml version="1.0" encoding="utf-8"?><testsuites name="pytest tests"><testsuite name="pytest" errors="0" failures="0" skipped="0" tests="2" time="5.708" timestamp="2026-07-11T23:46:03.838320-04:00" hostname="HannieZhou"><testcase classname="tests.test_research_worker" name="test_research_cycle_archives_and_records_isolated_heartbeat" time="1.362" /><testcase classname="tests.test_research_worker" name="test_research_cycle_does_not_reuse_a_frozen_holdout" time="1.336" /></testsuite></testsuites>