<?xml version="1.0" encoding="utf-8"?><testsuites name="pytest tests"><testsuite name="pytest" errors="0" failures="0" skipped="0" tests="48" time="1.495" timestamp="2026-07-11T23:42:49.401595-04:00" hostname="HannieZhou"><testcase classname="tests.test_config" name="test_api_port_defaults_to_8000" time="0.001" /><testcase classname="tests.test_config" name="test_api_port_overrides_port_when_both_are_set" time="0.001" /><testcase classname="tests.test_config" name="test_common_boolean_strings_parse_safely[0-False]" time="0.001" /><testcase classname="tests.test_config" name="test_common_boolean_strings_parse_safely[1-True]" time="0.001" /><testcase classname="tests.test_config" name="test_common_boolean_strings_parse_safely[false-False]" time="0.001" /><testcase classname="tests.test_config" name="test_common_boolean_strings_parse_safely[no-False]" time="0.001" /><testcase classname="tests.test_config" name="test_common_boolean_strings_parse_safely[off-False]" time="0.002" /><testcase classname="tests.test_config" name="test_common_boolean_strings_parse_safely[on-True]" time="0.001" /><testcase classname="tests.test_config" name="test_common_boolean_strings_parse_safely[true-True]" time="0.001" /><testcase classname="tests.test_config" name="test_common_boolean_strings_parse_safely[yes-True]" time="0.001" /><testcase classname="tests.test_config" name="test_default_config_is_observer_only" time="0.001" /><testcase classname="tests.test_config" name="test_invalid_app_mode_raises_clear_config_error" time="0.001" /><testcase classname="tests.test_config" name="test_invalid_boolean_raises_clear_config_error" time="0.001" /><testcase classname="tests.test_config" name="test_invalid_database_url_raises_clear_config_error" time="0.001" /><testcase classname="tests.test_config" name="test_invalid_db_echo_raises_clear_config_error" time="0.001" /><testcase classname="tests.test_config" name="test_invalid_db_numeric_config_raises_clear_config_error[env0]" time="0.001" /><testcase classname="tests.test_config" name="test_invalid_db_numeric_config_raises_clear_config_error[env1]" time="0.001" /><testcase classname="tests.test_config" name="test_invalid_db_numeric_config_raises_clear_config_error[env2]" time="0.001" /><testcase classname="tests.test_config" name="test_invalid_db_numeric_config_raises_clear_config_error[env3]" time="0.001" /><testcase classname="tests.test_config" name="test_invalid_db_numeric_config_raises_clear_config_error[env4]" time="0.001" /><testcase classname="tests.test_config" name="test_invalid_db_numeric_config_raises_clear_config_error[env5]" time="0.002" /><testcase classname="tests.test_config" name="test_invalid_db_numeric_config_raises_clear_config_error[env6]" time="0.001" /><testcase classname="tests.test_config" name="test_invalid_db_numeric_config_raises_clear_config_error[env7]" time="0.001" /><testcase classname="tests.test_config" name="test_invalid_kalshi_api_base_url_raises_clear_config_error" time="0.001" /><testcase classname="tests.test_config" name="test_invalid_kalshi_cfbenchmarks_index_ids_raise_clear_config_error" time="0.001" /><testcase classname="tests.test_config" name="test_invalid_port_raises_clear_config_error_when_api_port_unset" time="0.000" /><testcase classname="tests.test_config" name="test_invalid_strategy_dry_run_env_vars_fail[STRATEGY_DRY_RUN_ENTRY_PRICE_OFFSET_CENTS--1]" time="0.003" /><testcase classname="tests.test_config" name="test_invalid_strategy_dry_run_env_vars_fail[STRATEGY_DRY_RUN_MAX_OPEN_POSITIONS--1]" time="0.001" /><testcase classname="tests.test_config" name="test_invalid_strategy_dry_run_env_vars_fail[STRATEGY_DRY_RUN_POSITION_SIZE_CONTRACTS--1]" time="0.001" /><testcase classname="tests.test_config" name="test_invalid_strategy_dry_run_env_vars_fail[STRATEGY_ID- ]" time="0.001" /><testcase classname="tests.test_config" name="test_invalid_strategy_dry_run_env_vars_fail[STRATEGY_MIN_TOP_BOOK_SIZE_CONTRACTS--1]" time="0.001" /><testcase classname="tests.test_config" name="test_invalid_strategy_dry_run_env_vars_fail[STRATEGY_REFERENCE_SOURCE_MAX_AGE_MS--1]" time="0.001" /><testcase classname="tests.test_config" name="test_invalid_strategy_dry_run_env_vars_fail[STRATEGY_REFERENCE_SOURCE_WARN_MS--1]" time="0.001" /><testcase classname="tests.test_config" name="test_kalshi_api_base_url_rejects_plaintext_http" time="0.001" /><testcase classname="tests.test_config" name="test_kalshi_cfbenchmarks_env_vars_parse_safely" time="0.001" /><testcase classname="tests.test_config" name="test_kalshi_credentials_are_not_required" time="0.001" /><testcase classname="tests.test_config" name="test_kalshi_env_vars_parse_without_requiring_credentials" time="0.001" /><testcase classname="tests.test_config" name="test_kalshi_websocket_base_url_rejects_plaintext_ws" time="0.001" /><testcase classname="tests.test_config" name="test_kalshi_websocket_env_vars_parse_safely" time="0.002" /><testcase classname="tests.test_config" name="test_market_protocol_sample_rate_allows_zero" time="0.001" /><testcase classname="tests.test_config" name="test_port_is_used_when_api_port_is_unset" time="0.001" /><testcase classname="tests.test_config" name="test_storage_retention_env_vars_parse_safely" time="0.001" /><testcase classname="tests.test_config" name="test_strategy_observer_env_vars_parse_safely" time="0.001" /><testcase classname="tests.test_config" name="test_supported_app_modes_parse[DRY_RUN]" time="0.002" /><testcase classname="tests.test_config" name="test_supported_app_modes_parse[LIVE]" time="0.001" /><testcase classname="tests.test_config" name="test_supported_app_modes_parse[OBSERVER]" time="0.001" /><testcase classname="tests.test_config" name="test_supported_app_modes_parse[PAPER]" time="0.001" /><testcase classname="tests.test_config" name="test_worker_role_env_var_parses_and_rejects_invalid_values" time="0.001" /></testsuite></testsuites>