<?xml version="1.0" encoding="utf-8"?><testsuites name="pytest tests"><testsuite name="pytest" errors="0" failures="0" skipped="0" tests="3" time="0.305" timestamp="2026-07-11T23:43:23.100659-04:00" hostname="HannieZhou"><testcase classname="tests.test_kalshi_ws_client" name="test_cfbenchmarks_subscribe_command_uses_index_ids_without_market_ticker" time="0.001" /><testcase classname="tests.test_kalshi_ws_client" name="test_subscribe_command_payloads_for_public_channels" time="0.000" /><testcase classname="tests.test_kalshi_ws_client" name="test_websocket_headers_use_existing_auth_without_exposing_private_key" time="0.001" /></testsuite></testsuites>