<?xml version="1.0" encoding="utf-8"?><testsuites name="pytest tests"><testsuite name="pytest" errors="0" failures="0" skipped="0" tests="6" time="10.570" timestamp="2026-07-11T23:47:54.435734-04:00" hostname="HannieZhou"><testcase classname="tests.test_strategy_observer" name="test_v2_manages_open_positions_without_an_active_market" time="1.612" /><testcase classname="tests.test_strategy_observer" name="test_v2_pending_intent_resolves_without_current_candidate_side" time="1.459" /><testcase classname="tests.test_strategy_observer" name="test_v2_position_mark_uses_the_held_side_bid" time="1.478" /><testcase classname="tests.test_strategy_observer" name="test_v2_resolves_only_the_first_post_delay_orderbook" time="1.470" /><testcase classname="tests.test_strategy_observer" name="test_v2_sweeps_expired_intents_without_an_active_market" time="1.502" /><testcase classname="tests.test_strategy_observer" name="test_variants_receive_one_shared_context_per_iteration" time="1.448" /></testsuite></testsuites>