<?xml version="1.0" encoding="utf-8"?><testsuites name="pytest tests"><testsuite name="pytest" errors="0" failures="0" skipped="0" tests="7" time="1.603" timestamp="2026-07-11T23:44:46.080670-04:00" hostname="HannieZhou"><testcase classname="tests.test_momentum_v2" name="test_boundary_cross_hold_is_research_only_and_continuation_can_enter" time="0.084" /><testcase classname="tests.test_momentum_v2" name="test_builtin_config_version_changes_with_code_revision" time="0.001" /><testcase classname="tests.test_momentum_v2" name="test_live_evaluation_and_persisted_feature_vector_have_exact_parity" time="0.002" /><testcase classname="tests.test_momentum_v2" name="test_v2_blocks_stale_persisted_reference_and_orderbook" time="0.003" /><testcase classname="tests.test_momentum_v2" name="test_v2_feature_snapshot_includes_microstructure_flow_and_pressure_metrics" time="0.004" /><testcase classname="tests.test_momentum_v2" name="test_v2_json_safe_serializes_boundary_cross_timestamp" time="0.001" /><testcase classname="tests.test_momentum_v2" name="test_v2_trade_flow_uses_inferred_trade_sides" time="0.001" /></testsuite></testsuites>