<?xml version="1.0" encoding="utf-8"?><testsuites name="pytest tests"><testsuite name="pytest" errors="0" failures="0" skipped="0" tests="6" time="0.692" timestamp="2026-07-11T23:43:22.477451-04:00" hostname="HannieZhou"><testcase classname="tests.test_kalshi_client" name="test_client_errors_redact_key_and_signature_from_response_context" time="0.003" /><testcase classname="tests.test_kalshi_client" name="test_client_exposes_only_observer_read_methods" time="0.001" /><testcase classname="tests.test_kalshi_client" name="test_client_maps_httpx_request_errors_to_unreachable[ProxyError]" time="0.002" /><testcase classname="tests.test_kalshi_client" name="test_client_maps_httpx_request_errors_to_unreachable[RemoteProtocolError]" time="0.001" /><testcase classname="tests.test_kalshi_client" name="test_client_maps_httpx_request_errors_to_unreachable[TooManyRedirects]" time="0.002" /><testcase classname="tests.test_kalshi_client" name="test_client_signs_safe_get_market_request_without_query_in_signature" time="0.002" /></testsuite></testsuites>