<?xml version="1.0" encoding="utf-8"?><testsuites name="pytest tests"><testsuite name="pytest" errors="0" failures="0" skipped="0" tests="8" time="13.645" timestamp="2026-07-11T23:47:29.044032-04:00" hostname="HannieZhou"><testcase classname="tests.test_strategy_observer" name="test_strategy_entry_ask_at_max_is_eligible_and_intended_price_is_clamped" time="1.542" /><testcase classname="tests.test_strategy_observer" name="test_strategy_entry_ask_below_minimum_is_blocked_even_if_offset_reaches_minimum" time="1.563" /><testcase classname="tests.test_strategy_observer" name="test_strategy_gate_summary_blocks_contract_ask_pullback" time="1.527" /><testcase classname="tests.test_strategy_observer" name="test_strategy_gate_summary_blocks_insufficient_contract_history" time="1.446" /><testcase classname="tests.test_strategy_observer" name="test_strategy_gate_summary_blocks_unsafe_startup" time="1.376" /><testcase classname="tests.test_strategy_observer" name="test_strategy_gate_summary_marks_boundary_unevaluated_without_market" time="1.363" /><testcase classname="tests.test_strategy_observer" name="test_strategy_gate_trace_attributes_emitted_chop_block" time="1.454" /><testcase classname="tests.test_strategy_observer" name="test_strategy_keeps_background_snapshot_refresh_warning_only" time="1.556" /></testsuite></testsuites>