<?xml version="1.0" encoding="utf-8"?><testsuites name="pytest tests"><testsuite name="pytest" errors="0" failures="0" skipped="0" tests="8" time="13.840" timestamp="2026-07-11T23:47:28.615586-04:00" hostname="HannieZhou"><testcase classname="tests.test_strategy_observer" name="test_strategy_dry_run_force_exits_only_stale_position_after_roll" time="1.542" /><testcase classname="tests.test_strategy_observer" name="test_strategy_dry_run_force_exits_stale_book_under_multi_position_capacity" time="1.529" /><testcase classname="tests.test_strategy_observer" name="test_strategy_dry_run_management_uses_exit_bid_depth" time="1.527" /><testcase classname="tests.test_strategy_observer" name="test_strategy_dry_run_mode_without_flag_stays_observe_only" time="1.470" /><testcase classname="tests.test_strategy_observer" name="test_strategy_dry_run_prioritizes_older_expired_position_before_new_entry" time="1.391" /><testcase classname="tests.test_strategy_observer" name="test_strategy_dry_run_prioritizes_older_profit_target_before_new_entry" time="1.397" /><testcase classname="tests.test_strategy_observer" name="test_strategy_dry_run_records_hypothetical_entry_and_event" time="1.526" /><testcase classname="tests.test_strategy_observer" name="test_strategy_entry_ask_above_maximum_is_blocked_before_offset" time="1.610" /></testsuite></testsuites>