<?xml version="1.0" encoding="utf-8"?><testsuites name="pytest tests"><testsuite name="pytest" errors="0" failures="0" skipped="0" tests="5" time="2.386" timestamp="2026-07-11T23:45:36.934495-04:00" hostname="HannieZhou"><testcase classname="tests.test_replay_engine" name="test_first_in_window_book_cannot_be_rescued_by_a_later_book" time="0.070" /><testcase classname="tests.test_replay_engine" name="test_first_in_window_exit_book_cannot_be_rescued_by_a_later_book" time="0.002" /><testcase classname="tests.test_replay_engine" name="test_persisted_vector_and_live_vector_evaluator_parity" time="0.001" /><testcase classname="tests.test_replay_engine" name="test_replay_is_order_deterministic_and_has_no_future_leakage" time="0.003" /><testcase classname="tests.test_replay_engine" name="test_zero_entry_audit_is_not_reported_as_healthy_selectivity" time="0.003" /></testsuite></testsuites>