<?xml version="1.0" encoding="utf-8"?><testsuites name="pytest tests"><testsuite name="pytest" errors="0" failures="0" skipped="0" tests="21" time="22.108" timestamp="2026-07-11T23:46:31.687789-04:00" hostname="HannieZhou"><testcase classname="tests.test_storage_retention" name="test_all_retention_policy_tables_are_repository_allowlisted" time="0.001" /><testcase classname="tests.test_storage_retention" name="test_failed_storage_retention_run_records_safe_error" time="1.263" /><testcase classname="tests.test_storage_retention" name="test_postgres_raw_payload_count_uses_catalog_estimate" time="0.002" /><testcase classname="tests.test_storage_retention" name="test_storage_retention_caps_delete_rows_per_table" time="1.577" /><testcase classname="tests.test_storage_retention" name="test_storage_retention_deletes_old_rows_in_chunks" time="1.521" /><testcase classname="tests.test_storage_retention" name="test_storage_retention_dry_run_reports_counts_without_mutating" time="1.409" /><testcase classname="tests.test_storage_retention" name="test_storage_retention_keeps_old_position_outcomes_durable" time="1.089" /><testcase classname="tests.test_storage_retention" name="test_storage_retention_keeps_open_dry_run_positions" time="1.093" /><testcase classname="tests.test_storage_retention" name="test_storage_retention_limits_tables_per_run" time="1.286" /><testcase classname="tests.test_storage_retention" name="test_storage_retention_max_duration_stops_before_chunks" time="0.934" /><testcase classname="tests.test_storage_retention" name="test_storage_retention_raw_payload_cap_marks_remaining_backlog_partial" time="0.949" /><testcase classname="tests.test_storage_retention" name="test_storage_retention_reports_only_tables_reached_before_time_budget" time="1.132" /><testcase classname="tests.test_storage_retention" name="test_storage_retention_repository_uses_bounded_cte_mutations" time="0.002" /><testcase classname="tests.test_storage_retention" name="test_storage_retention_rotates_capped_tables_between_runs" time="1.059" /><testcase classname="tests.test_storage_retention" name="test_storage_retention_row_cap_is_not_partial_when_table_is_drained" time="1.097" /><testcase classname="tests.test_storage_retention" name="test_storage_retention_shares_row_cap_with_raw_payload_stripping" time="1.004" /><testcase classname="tests.test_storage_retention" name="test_storage_retention_strips_raw_payload_without_losing_normalized_fields" time="1.008" /><testcase classname="tests.test_storage_retention" name="test_storage_retention_uses_configured_smoothing_sleeps" time="1.005" /><testcase classname="tests.test_storage_retention" name="test_storage_retention_worker_offloads_run_from_event_loop" time="1.103" /><testcase classname="tests.test_storage_retention" name="test_storage_retention_worker_records_heartbeat_metadata" time="0.956" /><testcase classname="tests.test_storage_retention" name="test_storage_status_reads_outcomes_without_authorizing_retention_mutation" time="0.952" /></testsuite></testsuites>