<?xml version="1.0" encoding="utf-8"?><testsuites name="pytest tests"><testsuite name="pytest" errors="0" failures="0" skipped="0" tests="8" time="17.092" timestamp="2026-07-11T23:44:16.494823-04:00" hostname="HannieZhou"><testcase classname="tests.test_kalshi_ws_collector" name="test_collector_matches_brti_subscribe_error_by_request_id_with_market_channels" time="2.382" /><testcase classname="tests.test_kalshi_ws_collector" name="test_collector_persists_control_protocol_events_without_sampling" time="1.871" /><testcase classname="tests.test_kalshi_ws_collector" name="test_collector_persists_malformed_brti_tick_without_crashing" time="1.886" /><testcase classname="tests.test_kalshi_ws_collector" name="test_collector_persists_market_liveness_heartbeats_before_stream_gate" time="3.503" /><testcase classname="tests.test_kalshi_ws_collector" name="test_collector_persists_valid_snapshot_after_invalid_live_like_snapshot" time="1.628" /><testcase classname="tests.test_kalshi_ws_collector" name="test_collector_preserves_recovery_metadata_when_orderbook_is_coalesced" time="1.440" /><testcase classname="tests.test_kalshi_ws_collector" name="test_collector_protocol_error_count_expires_after_recent_window" time="1.307" /><testcase classname="tests.test_kalshi_ws_collector" name="test_collector_re_resolves_when_market_window_closes" time="1.067" /></testsuite></testsuites>