<?xml version="1.0" encoding="utf-8"?><testsuites name="pytest tests"><testsuite name="pytest" errors="0" failures="0" skipped="0" tests="5" time="5.004" timestamp="2026-07-11T23:42:49.414068-04:00" hostname="HannieZhou"><testcase classname="tests.test_db_schema" name="test_migration_adds_fixed_point_quantity_columns_to_existing_tables" time="1.070" /><testcase classname="tests.test_db_schema" name="test_migration_adds_strategy_id_to_existing_dry_run_events" time="0.948" /><testcase classname="tests.test_db_schema" name="test_migration_backfills_strategy_id_on_existing_decisions" time="0.799" /><testcase classname="tests.test_db_schema" name="test_postgres_migrations_disable_statement_timeout_before_lock" time="0.002" /><testcase classname="tests.test_db_schema" name="test_schema_can_be_created_in_local_sqlite_database" time="0.975" /></testsuite></testsuites>