<?xml version="1.0" encoding="utf-8"?><testsuites name="pytest tests"><testsuite name="pytest" errors="0" failures="0" skipped="0" tests="7" time="13.042" timestamp="2026-07-11T23:44:15.428510-04:00" hostname="HannieZhou"><testcase classname="tests.test_kalshi_ws_collector" name="test_collector_surfaces_brti_subscription_error_without_market_ticker" time="1.793" /><testcase classname="tests.test_kalshi_ws_collector" name="test_collector_throttles_repeated_invalid_parse_heartbeats" time="2.149" /><testcase classname="tests.test_kalshi_ws_collector" name="test_collector_uses_dedicated_brti_connection_by_default" time="2.138" /><testcase classname="tests.test_kalshi_ws_collector" name="test_collector_waits_for_confirmed_orderbook_sid_before_snapshot_resync" time="1.679" /><testcase classname="tests.test_kalshi_ws_collector" name="test_market_loop_does_not_return_brti_reconnect_reason" time="2.003" /><testcase classname="tests.test_kalshi_ws_collector" name="test_market_reconnect_result_includes_snapshot_timeout" time="0.000" /><testcase classname="tests.test_kalshi_ws_collector" name="test_ws_status_recomputes_latest_state_persisted_age_from_timestamp" time="1.781" /></testsuite></testsuites>