<?xml version="1.0" encoding="utf-8"?><testsuites name="pytest tests"><testsuite name="pytest" errors="0" failures="0" skipped="0" tests="5" time="0.158" timestamp="2026-07-11T23:45:03.459970-04:00" hostname="HannieZhou"><testcase classname="tests.test_railway_scripts" name="test_railway_api_start_steps_run_migrations_then_api" time="0.002" /><testcase classname="tests.test_railway_scripts" name="test_railway_api_start_stops_when_migrations_fail" time="0.001" /><testcase classname="tests.test_railway_scripts" name="test_railway_worker_start_runs_migrations_then_worker" time="0.003" /><testcase classname="tests.test_railway_scripts" name="test_railway_worker_start_steps_run_migrations_then_worker" time="0.000" /><testcase classname="tests.test_railway_scripts" name="test_railway_worker_start_stops_when_migrations_fail" time="0.001" /></testsuite></testsuites>