<?xml version="1.0" encoding="utf-8"?><testsuites name="pytest tests"><testsuite name="pytest" errors="0" failures="0" skipped="0" tests="23" time="0.549" timestamp="2026-07-11T23:44:46.295134-04:00" hostname="HannieZhou"><testcase classname="tests.test_kalshi_ws_messages" name="test_crossed_and_missing_book_warnings" time="0.001" /><testcase classname="tests.test_kalshi_ws_messages" name="test_fixed_point_contract_count_preserves_fractional_precision" time="0.001" /><testcase classname="tests.test_kalshi_ws_messages" name="test_malformed_delta_reports_precise_warning" time="0.001" /><testcase classname="tests.test_kalshi_ws_messages" name="test_malformed_snapshot_level_reports_precise_warning" time="0.001" /><testcase classname="tests.test_kalshi_ws_messages" name="test_malformed_snapshot_no_level_reports_precise_price_warning" time="0.001" /><testcase classname="tests.test_kalshi_ws_messages" name="test_no_side_delta_uses_yes_price_scale" time="0.001" /><testcase classname="tests.test_kalshi_ws_messages" name="test_orderbook_delta_accepts_comma_decimal_and_zero_sizes" time="0.001" /><testcase classname="tests.test_kalshi_ws_messages" name="test_orderbook_delta_accepts_negative_fixed_point_size" time="0.002" /><testcase classname="tests.test_kalshi_ws_messages" name="test_orderbook_delta_accepts_positive_fixed_point_size" time="0.001" /><testcase classname="tests.test_kalshi_ws_messages" name="test_orderbook_delta_updates_book_after_snapshot" time="0.002" /><testcase classname="tests.test_kalshi_ws_messages" name="test_orderbook_sequence_gap_detection_resets_state" time="0.001" /><testcase classname="tests.test_kalshi_ws_messages" name="test_orderbook_snapshot_accepts_comma_decimal_contract_counts" time="0.001" /><testcase classname="tests.test_kalshi_ws_messages" name="test_orderbook_snapshot_allows_empty_sides" time="0.001" /><testcase classname="tests.test_kalshi_ws_messages" name="test_orderbook_snapshot_allows_missing_no_side" time="0.001" /><testcase classname="tests.test_kalshi_ws_messages" name="test_orderbook_snapshot_allows_missing_yes_side" time="0.001" /><testcase classname="tests.test_kalshi_ws_messages" name="test_orderbook_snapshot_normalizes_yes_price_top_of_book" time="0.001" /><testcase classname="tests.test_kalshi_ws_messages" name="test_public_trade_parsing_accepts_comma_decimal_count" time="0.001" /><testcase classname="tests.test_kalshi_ws_messages" name="test_public_trade_parsing_accepts_fractional_fixed_point_count" time="0.001" /><testcase classname="tests.test_kalshi_ws_messages" name="test_public_trade_parsing_allows_unknown_side_without_faking_it" time="0.000" /><testcase classname="tests.test_kalshi_ws_messages" name="test_public_trade_parsing_reports_precise_count_warning" time="0.001" /><testcase classname="tests.test_kalshi_ws_messages" name="test_public_trade_parsing_reports_precise_price_warning" time="0.001" /><testcase classname="tests.test_kalshi_ws_messages" name="test_ticker_parsing_accepts_live_shape" time="0.002" /><testcase classname="tests.test_kalshi_ws_messages" name="test_websocket_buffer_overflow_error_is_distinguishable" time="0.001" /></testsuite></testsuites>