<?xml version="1.0" encoding="utf-8"?><testsuites name="pytest tests"><testsuite name="pytest" errors="0" failures="0" skipped="0" tests="5" time="5.282" timestamp="2026-07-11T23:44:43.720181-04:00" hostname="HannieZhou"><testcase classname="tests.test_pr10b_scope_contract" name="test_pr10b_r1_boundary_cross_hold_is_research_only_and_cannot_create_entry" time="1.246" /><testcase classname="tests.test_pr10b_scope_contract" name="test_pr10b_r2_exit_attempt_uses_only_the_first_in_window_book" time="1.128" /><testcase classname="tests.test_pr10b_scope_contract" name="test_pr10b_r3_status_reads_are_separate_from_all_mutation_paths" time="1.167" /><testcase classname="tests.test_pr10b_scope_contract" name="test_pr10b_r4_versions_preserve_schema_and_revise_v2_semantics" time="0.001" /><testcase classname="tests.test_pr10b_scope_contract" name="test_pr10b_r5_safety_and_documentation_preserve_deployment_boundaries" time="0.002" /></testsuite></testsuites>