<?xml version="1.0" encoding="utf-8"?><testsuites name="pytest tests"><testsuite name="pytest" errors="0" failures="0" skipped="0" tests="14" time="4.122" timestamp="2026-07-11T23:45:02.818703-04:00" hostname="HannieZhou"><testcase classname="tests.test_pr11_scope_contract" name="test_r10_market_bootstrap_is_two_thousand_resamples" time="0.073" /><testcase classname="tests.test_pr11_scope_contract" name="test_r11_governance_cannot_cross_into_paper_or_live" time="0.000" /><testcase classname="tests.test_pr11_scope_contract" name="test_r12_candidate_pin_is_optional_and_defaults_unset" time="0.001" /><testcase classname="tests.test_pr11_scope_contract" name="test_r13_research_api_surface_is_read_only_and_bounded" time="0.118" /><testcase classname="tests.test_pr11_scope_contract" name="test_r14_retention_and_durable_status_tables_are_separate" time="0.000" /><testcase classname="tests.test_pr11_scope_contract" name="test_r15_documentation_versions_and_safety_contract_are_present" time="0.036" /><testcase classname="tests.test_pr11_scope_contract" name="test_r1_single_research_migration_and_schema_contract" time="0.000" /><testcase classname="tests.test_pr11_scope_contract" name="test_r2_complete_vector_is_hashed_and_boundary_cross_remains_non_enterable" time="0.001" /><testcase classname="tests.test_pr11_scope_contract" name="test_r3_research_role_is_explicit_and_database_only" time="0.001" /><testcase classname="tests.test_pr11_scope_contract" name="test_r4_archive_uses_normalized_source_types" time="0.001" /><testcase classname="tests.test_pr11_scope_contract" name="test_r5_zero_entry_audit_is_explicitly_unvalidatable" time="0.001" /><testcase classname="tests.test_pr11_scope_contract" name="test_r6_verified_taker_fee_is_nonzero_and_versioned" time="0.001" /><testcase classname="tests.test_pr11_scope_contract" name="test_r7_ordered_replay_uses_first_book_without_future_rescue" time="0.001" /><testcase classname="tests.test_pr11_scope_contract" name="test_r8_r9_market_partitions_and_bounded_candidates" time="0.072" /></testsuite></testsuites>