<?xml version="1.0" encoding="utf-8"?><testsuites name="pytest tests"><testsuite name="pytest" errors="0" failures="0" skipped="0" tests="2" time="3.778" timestamp="2026-07-11T23:42:23.475728-04:00" hostname="HannieZhou"><testcase classname="tests.test_candidate_pin" name="test_candidate_pin_requires_immutable_approved_checksum_valid_candidate" time="1.196" /><testcase classname="tests.test_candidate_pin" name="test_invalid_candidate_pin_fails_closed_without_a_baseline_substitute" time="1.098" /></testsuite></testsuites>