<?xml version="1.0" encoding="utf-8"?><testsuites name="pytest tests"><testsuite name="pytest" errors="0" failures="0" skipped="0" tests="8" time="12.610" timestamp="2026-07-11T23:47:54.444826-04:00" hostname="HannieZhou"><testcase classname="tests.test_strategy_observer" name="test_v2_boundary_cross_decision_does_not_create_an_entry_intent" time="1.493" /><testcase classname="tests.test_strategy_observer" name="test_v2_causal_exit_fill_uses_the_first_in_window_book_and_persists_outcome" time="1.501" /><testcase classname="tests.test_strategy_observer" name="test_v2_exit_depth_failure_does_not_use_later_qualifying_book" time="1.454" /><testcase classname="tests.test_strategy_observer" name="test_v2_exit_price_failure_does_not_use_later_qualifying_book" time="1.476" /><testcase classname="tests.test_strategy_observer" name="test_v2_exit_retries_apply_first_book_only_independently" time="1.548" /><testcase classname="tests.test_strategy_observer" name="test_v2_exit_without_a_book_expires_and_keeps_position_open" time="1.384" /><testcase classname="tests.test_strategy_observer" name="test_v2_intent_respects_open_position_cap_across_markets" time="1.052" /><testcase classname="tests.test_strategy_observer" name="test_v2_intent_uses_recorded_timing_parameters" time="1.087" /></testsuite></testsuites>