<?xml version="1.0" encoding="utf-8"?><testsuites name="pytest tests"><testsuite name="pytest" errors="0" failures="0" skipped="0" tests="8" time="17.432" timestamp="2026-07-11T23:43:45.146501-04:00" hostname="HannieZhou"><testcase classname="tests.test_kalshi_ws_collector" name="test_collector_counts_quiet_market_ping_failure_as_reconnect" time="2.412" /><testcase classname="tests.test_kalshi_ws_collector" name="test_collector_dedicated_brti_failure_does_not_stop_market_ws" time="2.263" /><testcase classname="tests.test_kalshi_ws_collector" name="test_collector_diagnostic_queue_backpressure_does_not_block_market" time="1.824" /><testcase classname="tests.test_kalshi_ws_collector" name="test_collector_does_not_clear_db_error_on_ticker_only_message" time="1.916" /><testcase classname="tests.test_kalshi_ws_collector" name="test_collector_does_not_consume_sidless_market_error_as_brti" time="2.074" /><testcase classname="tests.test_kalshi_ws_collector" name="test_collector_does_not_count_recovered_already_subscribed_as_protocol_error" time="2.199" /><testcase classname="tests.test_kalshi_ws_collector" name="test_collector_does_not_sync_insert_when_market_db_queue_is_full" time="1.629" /><testcase classname="tests.test_kalshi_ws_collector" name="test_collector_finishes_queued_snapshot_recovery_after_sequence_advances" time="1.076" /></testsuite></testsuites>