<?xml version="1.0" encoding="utf-8"?><testsuites name="pytest tests"><testsuite name="pytest" errors="0" failures="0" skipped="0" tests="7" time="0.261" timestamp="2026-07-11T23:45:03.213778-04:00" hostname="HannieZhou"><testcase classname="tests.test_reference_brti_messages" name="test_allowed_non_brti_index_is_ignored" time="0.001" /><testcase classname="tests.test_reference_brti_messages" name="test_non_target_index_is_ignored" time="0.004" /><testcase classname="tests.test_reference_brti_messages" name="test_parse_malformed_avg_60s_value_flags_status" time="0.001" /><testcase classname="tests.test_reference_brti_messages" name="test_parse_malformed_brti_value_persists_malformed_status" time="0.001" /><testcase classname="tests.test_reference_brti_messages" name="test_parse_malformed_final_minute_average_flags_status" time="0.001" /><testcase classname="tests.test_reference_brti_messages" name="test_parse_valid_brti_payload_with_final_minute_average" time="0.001" /><testcase classname="tests.test_reference_brti_messages" name="test_parse_valid_brti_payload_with_json_string_data" time="0.001" /></testsuite></testsuites>