<?xml version="1.0" encoding="utf-8"?><testsuites name="pytest tests"><testsuite name="pytest" errors="0" failures="0" skipped="0" tests="8" time="15.698" timestamp="2026-07-11T23:43:45.309874-04:00" hostname="HannieZhou"><testcase classname="tests.test_kalshi_ws_collector" name="test_collector_clears_delta_warnings_after_queued_valid_delta_commit" time="1.742" /><testcase classname="tests.test_kalshi_ws_collector" name="test_collector_clears_orderbook_persistence_failure_after_success" time="2.169" /><testcase classname="tests.test_kalshi_ws_collector" name="test_collector_clears_pending_orderbook_when_db_writer_drain_times_out" time="0.141" /><testcase classname="tests.test_kalshi_ws_collector" name="test_collector_clears_stale_brti_error_after_successful_persist" time="1.827" /><testcase classname="tests.test_kalshi_ws_collector" name="test_collector_clears_stale_error_after_successful_orderbook_persist" time="2.147" /><testcase classname="tests.test_kalshi_ws_collector" name="test_collector_clears_stale_error_after_successful_trade_persist" time="2.066" /><testcase classname="tests.test_kalshi_ws_collector" name="test_collector_coalesces_orderbook_writes_to_latest_state" time="2.032" /><testcase classname="tests.test_kalshi_ws_collector" name="test_collector_counts_inflight_critical_write_until_writer_commit" time="1.704" /></testsuite></testsuites>