<?xml version="1.0" encoding="utf-8"?><testsuites name="pytest tests"><testsuite name="pytest" errors="0" failures="0" skipped="0" tests="8" time="0.826" timestamp="2026-07-11T23:46:04.094430-04:00" hostname="HannieZhou"><testcase classname="tests.test_safety" name="test_default_safety_is_observer_only_and_safe" time="0.001" /><testcase classname="tests.test_safety" name="test_dry_run_mode_is_startup_safe_without_trading_or_execute" time="0.001" /><testcase classname="tests.test_safety" name="test_execute_true_is_blocked" time="0.001" /><testcase classname="tests.test_safety" name="test_kalshi_credentials_do_not_enable_trading_or_execution" time="0.001" /><testcase classname="tests.test_safety" name="test_paper_and_live_modes_are_still_blocked[LIVE]" time="0.006" /><testcase classname="tests.test_safety" name="test_paper_and_live_modes_are_still_blocked[PAPER]" time="0.001" /><testcase classname="tests.test_safety" name="test_trading_enabled_true_is_blocked" time="0.001" /><testcase classname="tests.test_safety" name="test_unsafe_assessment_raises_on_startup" time="0.005" /></testsuite></testsuites>